2024-01-28 22:32:54.453 [info] Extension host with pid 646 started
2024-01-28 22:32:54.453 [error] Error: EEXIST: file already exists, open '/home/cs695/.vscode-server/data/User/workspaceStorage/212d282d13a13df0c14e1b020457cbf7/vscode.lock'
2024-01-28 22:32:54.491 [info] Lock '/home/cs695/.vscode-server/data/User/workspaceStorage/212d282d13a13df0c14e1b020457cbf7/vscode.lock': Could not acquire lock, checking if the file is stale.
2024-01-28 22:32:54.603 [info] Lock '/home/cs695/.vscode-server/data/User/workspaceStorage/212d282d13a13df0c14e1b020457cbf7/vscode.lock': The lock does not look stale, elapsed: 100202 ms, giving up.
2024-01-28 22:32:54.626 [error] Error: EEXIST: file already exists, open '/home/cs695/.vscode-server/data/User/workspaceStorage/212d282d13a13df0c14e1b020457cbf7-1/vscode.lock'
2024-01-28 22:32:54.772 [info] ExtensionService#_doActivateExtension vscode.emmet, startup: false, activationEvent: 'onLanguage'
2024-01-28 22:32:55.023 [info] Lock '/home/cs695/.vscode-server/data/User/workspaceStorage/212d282d13a13df0c14e1b020457cbf7-1/vscode.lock': Could not acquire lock, checking if the file is stale.
2024-01-28 22:32:55.043 [info] Lock '/home/cs695/.vscode-server/data/User/workspaceStorage/212d282d13a13df0c14e1b020457cbf7-1/vscode.lock': The pid 7236 appears to be gone.
2024-01-28 22:32:55.043 [info] Lock '/home/cs695/.vscode-server/data/User/workspaceStorage/212d282d13a13df0c14e1b020457cbf7-1/vscode.lock': Deleting a stale lock.
2024-01-28 22:32:55.072 [info] Lock '/home/cs695/.vscode-server/data/User/workspaceStorage/212d282d13a13df0c14e1b020457cbf7-1/vscode.lock': Lock acquired.
2024-01-28 22:32:55.214 [info] ExtensionService#_doActivateExtension vscode.git-base, startup: true, activationEvent: '*', root cause: vscode.git
2024-01-28 22:32:55.272 [info] ExtensionService#_doActivateExtension vscode.git, startup: true, activationEvent: '*'
2024-01-28 22:32:55.282 [info] ExtensionService#_doActivateExtension vscode.github, startup: true, activationEvent: '*'
2024-01-28 22:32:58.538 [info] ExtensionService#_doActivateExtension ms-vscode.makefile-tools, startup: true, activationEvent: 'workspaceContains:**/makefile,**/Makefile,**/GNUmakefile'
2024-01-28 22:33:00.375 [info] Eager extensions activated
2024-01-28 22:33:00.376 [info] ExtensionService#_doActivateExtension vscode.debug-auto-launch, startup: false, activationEvent: 'onStartupFinished'
2024-01-28 22:33:00.377 [info] ExtensionService#_doActivateExtension vscode.merge-conflict, startup: false, activationEvent: 'onStartupFinished'
2024-01-28 22:41:05.882 [info] ExtensionService#_doActivateExtension vscode.npm, startup: false, activationEvent: 'onTerminalQuickFixRequest:ms-vscode.npm-command'
2024-01-28 23:39:45.090 [info] Extension host terminating: renderer disconnected for too long (2)
2024-01-28 23:39:45.095 [info] Lock '/home/cs695/.vscode-server/data/User/workspaceStorage/212d282d13a13df0c14e1b020457cbf7-1/vscode.lock': Marking the lockfile as scheduled to be released in 6000 ms.
2024-01-28 23:39:45.144 [info] Extension host with pid 646 exiting with code 0
